[debug] [2023-07-16T10:06:37.363Z] ----------------------------------------------------------------------
[debug] [2023-07-16T10:06:37.366Z] Command:       C:\Program Files\nodejs\node.exe C:\Users\badal\AppData\Roaming\npm\node_modules\firebase-tools\lib\bin\firebase.js init
[debug] [2023-07-16T10:06:37.367Z] CLI Version:   12.4.4
[debug] [2023-07-16T10:06:37.367Z] Platform:      win32
[debug] [2023-07-16T10:06:37.367Z] Node Version:  v18.14.1
[debug] [2023-07-16T10:06:37.369Z] Time:          Sun Jul 16 2023 15:36:37 GMT+0530 (India Standard Time)
[debug] [2023-07-16T10:06:37.369Z] ----------------------------------------------------------------------
[debug] 
[debug] [2023-07-16T10:06:37.377Z] > command requires scopes: ["email","openid","https://www.googleapis.com/auth/cloudplatformprojects.readonly","https://www.googleapis.com/auth/firebase","https://www.googleapis.com/auth/cloud-platform"]
[debug] [2023-07-16T10:06:37.378Z] > authorizing via signed-in user (mansishrivastav04@gmail.com)
[info] 
     ######## #### ########  ######## ########     ###     ######  ########
     ##        ##  ##     ## ##       ##     ##  ##   ##  ##       ##
     ######    ##  ########  ######   ########  #########  ######  ######
     ##        ##  ##    ##  ##       ##     ## ##     ##       ## ##
     ##       #### ##     ## ######## ########  ##     ##  ######  ########

You're about to initialize a Firebase project in this directory:

  C:\Users\badal\Documents\Task 2\chat-app

[info] 
=== Project Setup
[info] 
[info] First, let's associate this project directory with a Firebase project.
[info] You can create multiple project aliases by running firebase use --add, 
[info] but for now we'll just set up a default project.
[info] 
[debug] [2023-07-16T10:15:53.136Z] >>> [apiv2][query] GET https://firebase.googleapis.com/v1beta1/projects pageSize=100
[debug] [2023-07-16T10:15:54.450Z] <<< [apiv2][status] GET https://firebase.googleapis.com/v1beta1/projects 200
[debug] [2023-07-16T10:15:54.451Z] <<< [apiv2][body] GET https://firebase.googleapis.com/v1beta1/projects [omitted]
[info] i  Using project chat-90bad (Chat) 
[info] 
=== Database Setup
[info] i  database: ensuring required API firebasedatabase.googleapis.com is enabled... 
[debug] [2023-07-16T10:16:06.036Z] >>> [apiv2][query] GET https://serviceusage.googleapis.com/v1/projects/chat-90bad/services/firebasedatabase.googleapis.com [none]
[debug] [2023-07-16T10:16:06.036Z] >>> [apiv2][(partial)header] GET https://serviceusage.googleapis.com/v1/projects/chat-90bad/services/firebasedatabase.googleapis.com x-goog-quota-user=projects/chat-90bad
[debug] [2023-07-16T10:16:08.251Z] <<< [apiv2][status] GET https://serviceusage.googleapis.com/v1/projects/chat-90bad/services/firebasedatabase.googleapis.com 200
[debug] [2023-07-16T10:16:08.252Z] <<< [apiv2][body] GET https://serviceusage.googleapis.com/v1/projects/chat-90bad/services/firebasedatabase.googleapis.com [omitted]
[warn] !  database: missing required API firebasedatabase.googleapis.com. Enabling now... 
[debug] [2023-07-16T10:16:08.256Z] >>> [apiv2][query] POST https://serviceusage.googleapis.com/v1/projects/chat-90bad/services/firebasedatabase.googleapis.com:enable [none]
[debug] [2023-07-16T10:16:08.256Z] >>> [apiv2][(partial)header] POST https://serviceusage.googleapis.com/v1/projects/chat-90bad/services/firebasedatabase.googleapis.com:enable x-goog-quota-user=projects/chat-90bad
[debug] [2023-07-16T10:16:10.498Z] <<< [apiv2][status] POST https://serviceusage.googleapis.com/v1/projects/chat-90bad/services/firebasedatabase.googleapis.com:enable 200
[debug] [2023-07-16T10:16:10.498Z] <<< [apiv2][body] POST https://serviceusage.googleapis.com/v1/projects/chat-90bad/services/firebasedatabase.googleapis.com:enable [omitted]
[debug] [2023-07-16T10:16:20.505Z] >>> [apiv2][query] GET https://serviceusage.googleapis.com/v1/projects/chat-90bad/services/firebasedatabase.googleapis.com [none]
[debug] [2023-07-16T10:16:20.505Z] >>> [apiv2][(partial)header] GET https://serviceusage.googleapis.com/v1/projects/chat-90bad/services/firebasedatabase.googleapis.com x-goog-quota-user=projects/chat-90bad
[debug] [2023-07-16T10:16:22.578Z] <<< [apiv2][status] GET https://serviceusage.googleapis.com/v1/projects/chat-90bad/services/firebasedatabase.googleapis.com 200
[debug] [2023-07-16T10:16:22.579Z] <<< [apiv2][body] GET https://serviceusage.googleapis.com/v1/projects/chat-90bad/services/firebasedatabase.googleapis.com [omitted]
[info] +  database: required API firebasedatabase.googleapis.com is enabled 
[info] 
[debug] [2023-07-16T10:16:22.601Z] >>> [apiv2][query] GET https://firebase.googleapis.com/v1beta1/projects/chat-90bad [none]
[debug] [2023-07-16T10:16:23.091Z] <<< [apiv2][status] GET https://firebase.googleapis.com/v1beta1/projects/chat-90bad 200
[debug] [2023-07-16T10:16:23.091Z] <<< [apiv2][body] GET https://firebase.googleapis.com/v1beta1/projects/chat-90bad {"projectId":"chat-90bad","projectNumber":"74501523766","displayName":"Chat","name":"projects/chat-90bad","resources":{"hostingSite":"chat-90bad","storageBucket":"chat-90bad.appspot.com","locationId":"us-central"},"state":"ACTIVE","etag":"1_d42edc9c-7d4d-45ba-ba03-10c6ef40cddb"}
[debug] [2023-07-16T10:20:50.923Z] >>> [apiv2][query] POST https://firebasedatabase.googleapis.com/v1beta/projects/chat-90bad/locations/asia-southeast1/instances databaseId=chat-90bad-default-rtdb&validateOnly=true
[debug] [2023-07-16T10:20:50.924Z] >>> [apiv2][body] POST https://firebasedatabase.googleapis.com/v1beta/projects/chat-90bad/locations/asia-southeast1/instances {"type":"default_database"}
[debug] [2023-07-16T10:20:52.097Z] <<< [apiv2][status] POST https://firebasedatabase.googleapis.com/v1beta/projects/chat-90bad/locations/asia-southeast1/instances 200
[debug] [2023-07-16T10:20:52.098Z] <<< [apiv2][body] POST https://firebasedatabase.googleapis.com/v1beta/projects/chat-90bad/locations/asia-southeast1/instances {"name":"projects/74501523766/locations/asia-southeast1/instances/chat-90bad-default-rtdb","project":"projects/74501523766","databaseUrl":"https://chat-90bad-default-rtdb.asia-southeast1.firebasedatabase.app","type":"DEFAULT_DATABASE","state":"ACTIVE"}
[debug] [2023-07-16T10:20:52.107Z] >>> [apiv2][query] POST https://firebasedatabase.googleapis.com/v1beta/projects/chat-90bad/locations/asia-southeast1/instances databaseId=chat-90bad-default-rtdb
[debug] [2023-07-16T10:20:52.107Z] >>> [apiv2][body] POST https://firebasedatabase.googleapis.com/v1beta/projects/chat-90bad/locations/asia-southeast1/instances {"type":"default_database"}
[debug] [2023-07-16T10:20:54.041Z] <<< [apiv2][status] POST https://firebasedatabase.googleapis.com/v1beta/projects/chat-90bad/locations/asia-southeast1/instances 200
[debug] [2023-07-16T10:20:54.043Z] <<< [apiv2][body] POST https://firebasedatabase.googleapis.com/v1beta/projects/chat-90bad/locations/asia-southeast1/instances {"name":"projects/74501523766/locations/asia-southeast1/instances/chat-90bad-default-rtdb","project":"projects/74501523766","databaseUrl":"https://chat-90bad-default-rtdb.asia-southeast1.firebasedatabase.app","type":"DEFAULT_DATABASE","state":"ACTIVE"}
[info] 
[info] Firebase Realtime Database Security Rules allow you to define how your data should be
[info] structured and when your data can be read from and written to.
[info] 
[debug] [2023-07-16T10:22:50.545Z] >>> [apiv2][query] GET https://chat-90bad-default-rtdb.asia-southeast1.firebasedatabase.app/.settings/rules.json [none]
[debug] [2023-07-16T10:22:52.618Z] <<< [apiv2][status] GET https://chat-90bad-default-rtdb.asia-southeast1.firebasedatabase.app/.settings/rules.json 200
[debug] [2023-07-16T10:22:52.619Z] <<< [apiv2][body] GET https://chat-90bad-default-rtdb.asia-southeast1.firebasedatabase.app/.settings/rules.json [stream]
[info] +  Database Rules for chat-90bad-default-rtdb have been written to database.rules.json. 
[info] Future modifications to database.rules.json will update Realtime Database Security Rules when you run
[info] firebase deploy.
[info] 
=== Firestore Setup
[debug] [2023-07-16T10:22:52.637Z] >>> [apiv2][query] GET https://serviceusage.googleapis.com/v1/projects/chat-90bad/services/firestore.googleapis.com [none]
[debug] [2023-07-16T10:22:52.637Z] >>> [apiv2][(partial)header] GET https://serviceusage.googleapis.com/v1/projects/chat-90bad/services/firestore.googleapis.com x-goog-quota-user=projects/chat-90bad
[debug] [2023-07-16T10:22:54.877Z] <<< [apiv2][status] GET https://serviceusage.googleapis.com/v1/projects/chat-90bad/services/firestore.googleapis.com 200
[debug] [2023-07-16T10:22:54.878Z] <<< [apiv2][body] GET https://serviceusage.googleapis.com/v1/projects/chat-90bad/services/firestore.googleapis.com [omitted]
[debug] [2023-07-16T10:22:54.880Z] >>> [apiv2][query] GET https://firestore.googleapis.com/v1/projects/chat-90bad/databases/(default) [none]
[debug] [2023-07-16T10:22:56.823Z] <<< [apiv2][status] GET https://firestore.googleapis.com/v1/projects/chat-90bad/databases/(default) 200
[debug] [2023-07-16T10:22:56.824Z] <<< [apiv2][body] GET https://firestore.googleapis.com/v1/projects/chat-90bad/databases/(default) {"name":"projects/chat-90bad/databases/(default)","uid":"88aa507b-93ad-4941-9db0-24153448b5a9","createTime":"2023-07-03T15:54:34.159568Z","updateTime":"2023-07-03T15:54:34.159568Z","locationId":"nam5","type":"FIRESTORE_NATIVE","concurrencyMode":"PESSIMISTIC","versionRetentionPeriod":"3600s","earliestVersionTime":"2023-07-16T09:22:57.732440Z","appEngineIntegrationMode":"ENABLED","keyPrefix":"s","pointInTimeRecoveryEnablement":"POINT_IN_TIME_RECOVERY_DISABLED","deleteProtectionState":"DELETE_PROTECTION_DISABLED","etag":"IKDZ1oaBk4ADMICA3bf/8v8C"}
[debug] [2023-07-16T10:22:56.824Z] database_type: FIRESTORE_NATIVE
[debug] [2023-07-16T10:22:56.825Z] > command requires scopes: ["email","openid","https://www.googleapis.com/auth/cloudplatformprojects.readonly","https://www.googleapis.com/auth/firebase","https://www.googleapis.com/auth/cloud-platform"]
[debug] [2023-07-16T10:22:56.826Z] > authorizing via signed-in user (mansishrivastav04@gmail.com)
[debug] [2023-07-16T10:22:56.826Z] [iam] checking project chat-90bad for permissions ["firebase.projects.get"]
[debug] [2023-07-16T10:22:56.829Z] >>> [apiv2][query] POST https://cloudresourcemanager.googleapis.com/v1/projects/chat-90bad:testIamPermissions [none]
[debug] [2023-07-16T10:22:56.829Z] >>> [apiv2][(partial)header] POST https://cloudresourcemanager.googleapis.com/v1/projects/chat-90bad:testIamPermissions x-goog-quota-user=projects/chat-90bad
[debug] [2023-07-16T10:22:56.829Z] >>> [apiv2][body] POST https://cloudresourcemanager.googleapis.com/v1/projects/chat-90bad:testIamPermissions {"permissions":["firebase.projects.get"]}
[debug] [2023-07-16T10:22:58.259Z] <<< [apiv2][status] POST https://cloudresourcemanager.googleapis.com/v1/projects/chat-90bad:testIamPermissions 200
[debug] [2023-07-16T10:22:58.259Z] <<< [apiv2][body] POST https://cloudresourcemanager.googleapis.com/v1/projects/chat-90bad:testIamPermissions {"permissions":["firebase.projects.get"]}
[info] 
[info] Firestore Security Rules allow you to define how and when to allow
[info] requests. You can keep these rules in your project directory
[info] and publish them with firebase deploy.
[info] 
[debug] [2023-07-16T10:23:01.623Z] >>> [apiv2][query] GET https://firebaserules.googleapis.com/v1/projects/chat-90bad/releases pageSize=10&pageToken=
[debug] [2023-07-16T10:23:02.351Z] <<< [apiv2][status] GET https://firebaserules.googleapis.com/v1/projects/chat-90bad/releases 200
[debug] [2023-07-16T10:23:02.352Z] <<< [apiv2][body] GET https://firebaserules.googleapis.com/v1/projects/chat-90bad/releases {"releases":[{"name":"projects/chat-90bad/releases/firebase.storage/chat-90bad.appspot.com","rulesetName":"projects/chat-90bad/rulesets/ce3121e4-0842-4695-843e-0044f43edf98","createTime":"2023-07-03T15:54:59.462215Z","updateTime":"2023-07-03T15:54:59.462215Z"}]}
[debug] [2023-07-16T10:23:02.352Z] No rulesets found, using default.
[info] 
[info] Firestore indexes allow you to perform complex queries while
[info] maintaining performance that scales with the size of the result
[info] set. You can keep index definitions in your project directory
[info] and publish them with firebase deploy.
[info] 
[debug] [2023-07-16T10:23:04.050Z] >>> [apiv2][query] GET https://firestore.googleapis.com/v1/projects/chat-90bad/databases/(default)/collectionGroups/-/indexes [none]
[debug] [2023-07-16T10:23:04.053Z] >>> [apiv2][query] GET https://firestore.googleapis.com/v1/projects/chat-90bad/databases/(default)/collectionGroups/-/fields?filter=indexConfig.usesAncestorConfig=false OR ttlConfig:* [none]
[debug] [2023-07-16T10:23:05.935Z] <<< [apiv2][status] GET https://firestore.googleapis.com/v1/projects/chat-90bad/databases/(default)/collectionGroups/-/indexes 200
[debug] [2023-07-16T10:23:05.936Z] <<< [apiv2][body] GET https://firestore.googleapis.com/v1/projects/chat-90bad/databases/(default)/collectionGroups/-/indexes {}
[debug] [2023-07-16T10:23:06.341Z] <<< [apiv2][status] GET https://firestore.googleapis.com/v1/projects/chat-90bad/databases/(default)/collectionGroups/-/fields?filter=indexConfig.usesAncestorConfig=false OR ttlConfig:* 200
[debug] [2023-07-16T10:23:06.342Z] <<< [apiv2][body] GET https://firestore.googleapis.com/v1/projects/chat-90bad/databases/(default)/collectionGroups/-/fields?filter=indexConfig.usesAncestorConfig=false OR ttlConfig:* {"fields":[{"name":"projects/chat-90bad/databases/(default)/collectionGroups/__default__/fields/*","indexConfig":{"indexes":[{"queryScope":"COLLECTION","fields":[{"fieldPath":"*","order":"ASCENDING"}],"state":"READY"},{"queryScope":"COLLECTION","fields":[{"fieldPath":"*","order":"DESCENDING"}],"state":"READY"},{"queryScope":"COLLECTION","fields":[{"fieldPath":"*","arrayConfig":"CONTAINS"}],"state":"READY"}]}}]}
[info] 
=== Functions Setup
[debug] [2023-07-16T10:23:06.351Z] > command requires scopes: ["email","openid","https://www.googleapis.com/auth/cloudplatformprojects.readonly","https://www.googleapis.com/auth/firebase","https://www.googleapis.com/auth/cloud-platform"]
[debug] [2023-07-16T10:23:06.352Z] > authorizing via signed-in user (mansishrivastav04@gmail.com)
[debug] [2023-07-16T10:23:06.353Z] [iam] checking project chat-90bad for permissions ["firebase.projects.get"]
[debug] [2023-07-16T10:23:06.354Z] >>> [apiv2][query] POST https://cloudresourcemanager.googleapis.com/v1/projects/chat-90bad:testIamPermissions [none]
[debug] [2023-07-16T10:23:06.355Z] >>> [apiv2][(partial)header] POST https://cloudresourcemanager.googleapis.com/v1/projects/chat-90bad:testIamPermissions x-goog-quota-user=projects/chat-90bad
[debug] [2023-07-16T10:23:06.355Z] >>> [apiv2][body] POST https://cloudresourcemanager.googleapis.com/v1/projects/chat-90bad:testIamPermissions {"permissions":["firebase.projects.get"]}
[debug] [2023-07-16T10:23:07.773Z] <<< [apiv2][status] POST https://cloudresourcemanager.googleapis.com/v1/projects/chat-90bad:testIamPermissions 200
[debug] [2023-07-16T10:23:07.773Z] <<< [apiv2][body] POST https://cloudresourcemanager.googleapis.com/v1/projects/chat-90bad:testIamPermissions {"permissions":["firebase.projects.get"]}
[debug] [2023-07-16T10:23:07.775Z] >>> [apiv2][query] GET https://serviceusage.googleapis.com/v1/projects/chat-90bad/services/cloudfunctions.googleapis.com [none]
[debug] [2023-07-16T10:23:07.775Z] >>> [apiv2][(partial)header] GET https://serviceusage.googleapis.com/v1/projects/chat-90bad/services/cloudfunctions.googleapis.com x-goog-quota-user=projects/chat-90bad
[debug] [2023-07-16T10:23:07.783Z] >>> [apiv2][query] GET https://serviceusage.googleapis.com/v1/projects/chat-90bad/services/runtimeconfig.googleapis.com [none]
[debug] [2023-07-16T10:23:07.784Z] >>> [apiv2][(partial)header] GET https://serviceusage.googleapis.com/v1/projects/chat-90bad/services/runtimeconfig.googleapis.com x-goog-quota-user=projects/chat-90bad
[debug] [2023-07-16T10:23:09.828Z] <<< [apiv2][status] GET https://serviceusage.googleapis.com/v1/projects/chat-90bad/services/runtimeconfig.googleapis.com 200
[debug] [2023-07-16T10:23:09.828Z] <<< [apiv2][body] GET https://serviceusage.googleapis.com/v1/projects/chat-90bad/services/runtimeconfig.googleapis.com [omitted]
[debug] [2023-07-16T10:23:09.833Z] <<< [apiv2][status] GET https://serviceusage.googleapis.com/v1/projects/chat-90bad/services/cloudfunctions.googleapis.com 200
[debug] [2023-07-16T10:23:09.833Z] <<< [apiv2][body] GET https://serviceusage.googleapis.com/v1/projects/chat-90bad/services/cloudfunctions.googleapis.com [omitted]
[debug] [2023-07-16T10:23:09.834Z] >>> [apiv2][query] POST https://serviceusage.googleapis.com/v1/projects/chat-90bad/services/cloudfunctions.googleapis.com:enable [none]
[debug] [2023-07-16T10:23:09.834Z] >>> [apiv2][(partial)header] POST https://serviceusage.googleapis.com/v1/projects/chat-90bad/services/cloudfunctions.googleapis.com:enable x-goog-quota-user=projects/chat-90bad
[debug] [2023-07-16T10:23:12.279Z] <<< [apiv2][status] POST https://serviceusage.googleapis.com/v1/projects/chat-90bad/services/cloudfunctions.googleapis.com:enable 200
[debug] [2023-07-16T10:23:12.279Z] <<< [apiv2][body] POST https://serviceusage.googleapis.com/v1/projects/chat-90bad/services/cloudfunctions.googleapis.com:enable [omitted]
[debug] [2023-07-16T10:23:22.292Z] >>> [apiv2][query] GET https://serviceusage.googleapis.com/v1/projects/chat-90bad/services/cloudfunctions.googleapis.com [none]
[debug] [2023-07-16T10:23:22.293Z] >>> [apiv2][(partial)header] GET https://serviceusage.googleapis.com/v1/projects/chat-90bad/services/cloudfunctions.googleapis.com x-goog-quota-user=projects/chat-90bad
[debug] [2023-07-16T10:23:24.370Z] <<< [apiv2][status] GET https://serviceusage.googleapis.com/v1/projects/chat-90bad/services/cloudfunctions.googleapis.com 200
[debug] [2023-07-16T10:23:24.370Z] <<< [apiv2][body] GET https://serviceusage.googleapis.com/v1/projects/chat-90bad/services/cloudfunctions.googleapis.com [omitted]
[info] Let's create a new codebase for your functions.
[info] A directory corresponding to the codebase will be created in your project
[info] with sample code pre-configured.

[info] See https://firebase.google.com/docs/functions/organize-functions for
[info] more information on organizing your functions using codebases.

[info] Functions can be deployed with firebase deploy.

[info] +  Wrote functions/package.json 
[info] +  Wrote functions/.eslintrc.js 
[info] +  Wrote functions/index.js 
[info] +  Wrote functions/.gitignore 
[info] 
=== Hosting Setup
[info] 
[info] Your public directory is the folder (relative to your project directory) that
[info] will contain Hosting assets to be uploaded with firebase deploy. If you
[info] have a build process for your assets, use your build's output directory.
[info] 
[debug] [2023-07-16T10:27:10.520Z] >>> [apiv2][query] GET https://www.gstatic.com/firebasejs/releases.json [none]
[debug] [2023-07-16T10:27:10.642Z] <<< [apiv2][status] GET https://www.gstatic.com/firebasejs/releases.json 200
[debug] [2023-07-16T10:27:10.642Z] <<< [apiv2][body] GET https://www.gstatic.com/firebasejs/releases.json {"current":{"version":"10.0.0","browserURL":"https://www.gstatic.com/firebasejs/10.0.0/firebase.js","packageURL":"https://www.gstatic.com/firebasejs/10.0.0/firebase.tgz"},"live":{"version":"10.0","browserURL":"https://www.gstatic.com/firebasejs/live/10.0/firebase.js","packageURL":"https://www.gstatic.com/firebasejs/live/10.0/firebase.tgz"},"components":{"analytics":"https://www.gstatic.com/firebasejs/10.0.0/firebase-analytics.js","app":"https://www.gstatic.com/firebasejs/10.0.0/firebase-app.js","app-check":"https://www.gstatic.com/firebasejs/10.0.0/firebase-app-check.js","auth":"https://www.gstatic.com/firebasejs/10.0.0/firebase-auth.js","auth/cordova":"https://www.gstatic.com/firebasejs/10.0.0/firebase-auth/cordova.js","functions":"https://www.gstatic.com/firebasejs/10.0.0/firebase-functions.js","firestore":"https://www.gstatic.com/firebasejs/10.0.0/firebase-firestore.js","firestore/lite":"https://www.gstatic.com/firebasejs/10.0.0/firebase-firestore/lite.js","installations":"https://www.gstatic.com/firebasejs/10.0.0/firebase-installations.js","storage":"https://www.gstatic.com/firebasejs/10.0.0/firebase-storage.js","performance":"https://www.gstatic.com/firebasejs/10.0.0/firebase-performance.js","remote-config":"https://www.gstatic.com/firebasejs/10.0.0/firebase-remote-config.js","messaging":"https://www.gstatic.com/firebasejs/10.0.0/firebase-messaging.js","messaging/sw":"https://www.gstatic.com/firebasejs/10.0.0/firebase-messaging/sw.js","database":"https://www.gstatic.com/firebasejs/10.0.0/firebase-database.js","firestore.memory":"https://www.gstatic.com/firebasejs/10.0.0/firebase-firestore.memory.js"}}
[info] +  Wrote public/index.html 
[info] 
[info] i  Detected a .git folder at C:\Users\badal 
[info] i  Authorizing with GitHub to upload your service account to a GitHub repository's secrets store. 
[info] 
[info] Visit this URL on this device to log in:
[info] https://github.com/login/oauth/authorize?client_id=89cf50f02ac6aaed3484&state=414648951&redirect_uri=http%3A%2F%2Flocalhost%3A9005&scope=read%3Auser%20repo%20public_repo
[info] 
[info] Waiting for authentication...
[debug] [2023-07-16T10:27:54.327Z] >>> [apiv2][query] POST https://github.com/login/oauth/access_token [none]
[debug] [2023-07-16T10:27:54.327Z] >>> [apiv2][body] POST https://github.com/login/oauth/access_token [stream]
[debug] [2023-07-16T10:27:54.745Z] <<< [apiv2][status] POST https://github.com/login/oauth/access_token 200
[debug] [2023-07-16T10:27:54.746Z] <<< [apiv2][body] POST https://github.com/login/oauth/access_token {"access_token":"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","token_type":"bearer","scope":"read:user,repo"}
[debug] [2023-07-16T10:27:54.784Z] >>> [apiv2][query] GET https://api.github.com/user [none]
[debug] [2023-07-16T10:27:55.241Z] <<< [apiv2][status] GET https://api.github.com/user 200
[debug] [2023-07-16T10:27:55.242Z] <<< [apiv2][body] GET https://api.github.com/user {"login":"mansishrivastav","id":122740680,"node_id":"U_kgDOB1DfyA","avatar_url":"https://avatars.githubusercontent.com/u/122740680?v=4","gravatar_id":"","url":"https://api.github.com/users/mansishrivastav","html_url":"https://github.com/mansishrivastav","followers_url":"https://api.github.com/users/mansishrivastav/followers","following_url":"https://api.github.com/users/mansishrivastav/following{/other_user}","gists_url":"https://api.github.com/users/mansishrivastav/gists{/gist_id}","starred_url":"https://api.github.com/users/mansishrivastav/starred{/owner}{/repo}","subscriptions_url":"https://api.github.com/users/mansishrivastav/subscriptions","organizations_url":"https://api.github.com/users/mansishrivastav/orgs","repos_url":"https://api.github.com/users/mansishrivastav/repos","events_url":"https://api.github.com/users/mansishrivastav/events{/privacy}","received_events_url":"https://api.github.com/users/mansishrivastav/received_events","type":"User","site_admin":false,"name":null,"company":null,"blog":"","location":null,"email":null,"hireable":null,"bio":null,"twitter_username":null,"public_repos":7,"public_gists":0,"followers":0,"following":0,"created_at":"2023-01-15T16:15:18Z","updated_at":"2023-06-07T10:09:57Z","private_gists":0,"total_private_repos":0,"owned_private_repos":0,"disk_usage":2780,"collaborators":0,"two_factor_authentication":false,"plan":{"name":"free","space":976562499,"collaborators":0,"private_repos":10000}}
[info] 
[info] +  Success! Logged into GitHub as mansishrivastav 
[info] 
[debug] [2023-07-16T10:34:18.091Z] >>> [apiv2][query] GET https://api.github.com/repos//actions/secrets/public-key type=owner
[debug] [2023-07-16T10:34:19.768Z] <<< [apiv2][status] GET https://api.github.com/repos//actions/secrets/public-key 404
[debug] [2023-07-16T10:34:19.769Z] <<< [apiv2][body] GET https://api.github.com/repos//actions/secrets/public-key {"message":"Not Found","documentation_url":"https://docs.github.com/rest"}
[info] 
[info] 
[error] !  The provided authorization cannot be used with this repository. If this repository is in an organization, did you remember to grant access? 
[info] 
[info] i  Action required: Visit this URL to ensure access has been granted to the appropriate organization(s) for the Firebase CLI GitHub OAuth App: 
[info] https://github.com/settings/connections/applications/89cf50f02ac6aaed3484
[info] 
[debug] [2023-07-16T10:34:45.617Z] >>> [apiv2][query] GET https://api.github.com/repos//actions/secrets/public-key type=owner
[debug] [2023-07-16T10:34:46.044Z] <<< [apiv2][status] GET https://api.github.com/repos//actions/secrets/public-key 404
[debug] [2023-07-16T10:34:46.045Z] <<< [apiv2][body] GET https://api.github.com/repos//actions/secrets/public-key {"message":"Not Found","documentation_url":"https://docs.github.com/rest"}
[info] 
[info] 
[error] !  The provided authorization cannot be used with this repository. If this repository is in an organization, did you remember to grant access? 
[info] 
[info] i  Action required: Visit this URL to ensure access has been granted to the appropriate organization(s) for the Firebase CLI GitHub OAuth App: 
[info] https://github.com/settings/connections/applications/89cf50f02ac6aaed3484
[info] 
[debug] [2023-07-16T10:37:01.038Z] >>> [apiv2][query] GET https://api.github.com/repos//actions/secrets/public-key type=owner
[debug] [2023-07-16T10:37:01.457Z] <<< [apiv2][status] GET https://api.github.com/repos//actions/secrets/public-key 404
[debug] [2023-07-16T10:37:01.457Z] <<< [apiv2][body] GET https://api.github.com/repos//actions/secrets/public-key {"message":"Not Found","documentation_url":"https://docs.github.com/rest"}
[info] 
[info] 
[error] !  The provided authorization cannot be used with this repository. If this repository is in an organization, did you remember to grant access? 
[info] 
[info] i  Action required: Visit this URL to ensure access has been granted to the appropriate organization(s) for the Firebase CLI GitHub OAuth App: 
[info] https://github.com/settings/connections/applications/89cf50f02ac6aaed3484
[info] 
[debug] [2023-07-16T10:37:05.678Z] >>> [apiv2][query] GET https://api.github.com/repos//actions/secrets/public-key type=owner
[debug] [2023-07-16T10:37:05.929Z] >>> [apiv2][query] GET https://api.github.com/repos//actions/secrets/public-key type=owner
[debug] [2023-07-16T10:37:06.041Z] <<< [apiv2][status] GET https://api.github.com/repos//actions/secrets/public-key 404
[debug] [2023-07-16T10:37:06.042Z] <<< [apiv2][body] GET https://api.github.com/repos//actions/secrets/public-key {"message":"Not Found","documentation_url":"https://docs.github.com/rest"}
[info] 
[info] 
[error] !  The provided authorization cannot be used with this repository. If this repository is in an organization, did you remember to grant access? 
[info] 
[info] i  Action required: Visit this URL to ensure access has been granted to the appropriate organization(s) for the Firebase CLI GitHub OAuth App: 
[info] https://github.com/settings/connections/applications/89cf50f02ac6aaed3484
[info] 
[debug] [2023-07-16T10:37:06.125Z] >>> [apiv2][query] GET https://api.github.com/repos//actions/secrets/public-key type=owner
[debug] [2023-07-16T10:37:06.299Z] <<< [apiv2][status] GET https://api.github.com/repos//actions/secrets/public-key 404
[debug] [2023-07-16T10:37:06.299Z] <<< [apiv2][body] GET https://api.github.com/repos//actions/secrets/public-key {"message":"Not Found","documentation_url":"https://docs.github.com/rest"}
[info] 
[info] 
[error] !  The provided authorization cannot be used with this repository. If this repository is in an organization, did you remember to grant access? 
[info] 
[info] i  Action required: Visit this URL to ensure access has been granted to the appropriate organization(s) for the Firebase CLI GitHub OAuth App: 
[info] https://github.com/settings/connections/applications/89cf50f02ac6aaed3484
[info] 
[debug] [2023-07-16T10:37:06.512Z] <<< [apiv2][status] GET https://api.github.com/repos//actions/secrets/public-key 404
[debug] [2023-07-16T10:37:06.512Z] <<< [apiv2][body] GET https://api.github.com/repos//actions/secrets/public-key {"message":"Not Found","documentation_url":"https://docs.github.com/rest"}
[info] 
[info] 
[error] !  The provided authorization cannot be used with this repository. If this repository is in an organization, did you remember to grant access? 
[info] 
[info] i  Action required: Visit this URL to ensure access has been granted to the appropriate organization(s) for the Firebase CLI GitHub OAuth App: 
[info] https://github.com/settings/connections/applications/89cf50f02ac6aaed3484
[info] 
